# JRE version: OpenJDK Runtime Environment (8.0_202-b03) (build 1.8.0_202-release-1483-b03)
# Java VM: OpenJDK 64-Bit Server VM (25.202-b03 mixed mode windows-amd64 compressed oops)
Heap:
 PSYoungGen      total 143872K, used 20688K [0x00000000e0000000, 0x00000000ea480000, 0x0000000100000000)
  eden space 135680K, 12% used [0x00000000e0000000,0x00000000e1037fd0,0x00000000e8480000)
  from space 8192K, 49% used [0x00000000e9c80000,0x00000000ea07c0a0,0x00000000ea480000)
  to   space 16384K, 0% used [0x00000000e8480000,0x00000000e8480000,0x00000000e9480000)
 ParOldGen       total 126464K, used 29146K [0x00000000a0000000, 0x00000000a7b80000, 0x00000000e0000000)
  object space 126464K, 23% used [0x00000000a0000000,0x00000000a1c76b08,0x00000000a7b80000)
 Metaspace       used 61201K, capacity 62800K, committed 63064K, reserved 1103872K
  class space    used 8066K, capacity 8454K, committed 8576K, reserved 1048576K
GC Heap History (10 events):
Event: 42.470 GC heap before
{Heap before GC invocations=15 (full 2):
 PSYoungGen      total 96768K, used 96273K [0x00000000e0000000, 0x00000000e6a80000, 0x0000000100000000)
  eden space 86528K, 100% used [0x00000000e0000000,0x00000000e5480000,0x00000000e5480000)
  from space 10240K, 95% used [0x00000000e6080000,0x00000000e6a04728,0x00000000e6a80000)
  to   space 11264K, 0% used [0x00000000e5480000,0x00000000e5480000,0x00000000e5f80000)
 ParOldGen       total 90624K, used 14862K [0x00000000a0000000, 0x00000000a5880000, 0x00000000e0000000)
  object space 90624K, 16% used [0x00000000a0000000,0x00000000a0e83838,0x00000000a5880000)
 Metaspace       used 49450K, capacity 50598K, committed 50776K, reserved 1093632K
  class space    used 6649K, capacity 6950K, committed 7040K, reserved 1048576K
Event: 42.485 GC heap after
Heap after GC invocations=15 (full 2):
 PSYoungGen      total 97792K, used 11248K [0x00000000e0000000, 0x00000000e8300000, 0x0000000100000000)
  eden space 86528K, 0% used [0x00000000e0000000,0x00000000e0000000,0x00000000e5480000)
  from space 11264K, 99% used [0x00000000e5480000,0x00000000e5f7c170,0x00000000e5f80000)
  to   space 13824K, 0% used [0x00000000e7580000,0x00000000e7580000,0x00000000e8300000)
 ParOldGen       total 90624K, used 18446K [0x00000000a0000000, 0x00000000a5880000, 0x00000000e0000000)
  object space 90624K, 20% used [0x00000000a0000000,0x00000000a1203b40,0x00000000a5880000)
 Metaspace       used 49450K, capacity 50598K, committed 50776K, reserved 1093632K
  class space    used 6649K, capacity 6950K, committed 7040K, reserved 1048576K
}
Event: 48.387 GC heap before
{Heap before GC invocations=16 (full 2):
 PSYoungGen      total 97792K, used 97776K [0x00000000e0000000, 0x00000000e8300000, 0x0000000100000000)
  eden space 86528K, 100% used [0x00000000e0000000,0x00000000e5480000,0x00000000e5480000)
  from space 11264K, 99% used [0x00000000e5480000,0x00000000e5f7c170,0x00000000e5f80000)
  to   space 13824K, 0% used [0x00000000e7580000,0x00000000e7580000,0x00000000e8300000)
 ParOldGen       total 90624K, used 18446K [0x00000000a0000000, 0x00000000a5880000, 0x00000000e0000000)
  object space 90624K, 20% used [0x00000000a0000000,0x00000000a1203b40,0x00000000a5880000)
 Metaspace       used 56497K, capacity 58006K, committed 58200K, reserved 1099776K
  class space    used 7673K, capacity 8042K, committed 8064K, reserved 1048576K
Event: 48.411 GC heap after
Heap after GC invocations=16 (full 2):
 PSYoungGen      total 116736K, used 13813K [0x00000000e0000000, 0x00000000e8a00000, 0x0000000100000000)
  eden space 102912K, 0% used [0x00000000e0000000,0x00000000e0000000,0x00000000e6480000)
  from space 13824K, 99% used [0x00000000e7580000,0x00000000e82fd698,0x00000000e8300000)
  to   space 17408K, 0% used [0x00000000e6480000,0x00000000e6480000,0x00000000e7580000)
 ParOldGen       total 90624K, used 22868K [0x00000000a0000000, 0x00000000a5880000, 0x00000000e0000000)
  object space 90624K, 25% used [0x00000000a0000000,0x00000000a1655090,0x00000000a5880000)
 Metaspace       used 56497K, capacity 58006K, committed 58200K, reserved 1099776K
  class space    used 7673K, capacity 8042K, committed 8064K, reserved 1048576K
}
Event: 49.424 GC heap before
{Heap before GC invocations=17 (full 2):
 PSYoungGen      total 116736K, used 41204K [0x00000000e0000000, 0x00000000e8a00000, 0x0000000100000000)
  eden space 102912K, 26% used [0x00000000e0000000,0x00000000e1abf9c0,0x00000000e6480000)
  from space 13824K, 99% used [0x00000000e7580000,0x00000000e82fd698,0x00000000e8300000)
  to   space 17408K, 0% used [0x00000000e6480000,0x00000000e6480000,0x00000000e7580000)
 ParOldGen       total 90624K, used 22868K [0x00000000a0000000, 0x00000000a5880000, 0x00000000e0000000)
  object space 90624K, 25% used [0x00000000a0000000,0x00000000a1655090,0x00000000a5880000)
 Metaspace       used 57360K, capacity 59000K, committed 59028K, reserved 1099776K
  class space    used 7776K, capacity 8173K, committed 8192K, reserved 1048576K
Event: 49.466 GC heap after
Heap after GC invocations=17 (full 2):
 PSYoungGen      total 120320K, used 6313K [0x00000000e0000000, 0x00000000ead00000, 0x0000000100000000)
  eden space 102912K, 0% used [0x00000000e0000000,0x00000000e0000000,0x00000000e6480000)
  from space 17408K, 36% used [0x00000000e6480000,0x00000000e6aaa4a0,0x00000000e7580000)
  to   space 16896K, 0% used [0x00000000e9c80000,0x00000000e9c80000,0x00000000ead00000)
 ParOldGen       total 90624K, used 32102K [0x00000000a0000000, 0x00000000a5880000, 0x00000000e0000000)
  object space 90624K, 35% used [0x00000000a0000000,0x00000000a1f59918,0x00000000a5880000)
 Metaspace       used 57360K, capacity 59000K, committed 59028K, reserved 1099776K
  class space    used 7776K, capacity 8173K, committed 8192K, reserved 1048576K
}
Event: 49.466 GC heap before
{Heap before GC invocations=18 (full 3):
 PSYoungGen      total 120320K, used 6313K [0x00000000e0000000, 0x00000000ead00000, 0x0000000100000000)
  eden space 102912K, 0% used [0x00000000e0000000,0x00000000e0000000,0x00000000e6480000)
  from space 17408K, 36% used [0x00000000e6480000,0x00000000e6aaa4a0,0x00000000e7580000)
  to   space 16896K, 0% used [0x00000000e9c80000,0x00000000e9c80000,0x00000000ead00000)
 ParOldGen       total 90624K, used 32102K [0x00000000a0000000, 0x00000000a5880000, 0x00000000e0000000)
  object space 90624K, 35% used [0x00000000a0000000,0x00000000a1f59918,0x00000000a5880000)
 Metaspace       used 57360K, capacity 59000K, committed 59028K, reserved 1099776K
  class space    used 7776K, capacity 8173K, committed 8192K, reserved 1048576K
Event: 49.748 GC heap after
Heap after GC invocations=18 (full 3):
 PSYoungGen      total 120320K, used 0K [0x00000000e0000000, 0x00000000ead00000, 0x0000000100000000)
  eden space 102912K, 0% used [0x00000000e0000000,0x00000000e0000000,0x00000000e6480000)
  from space 17408K, 0% used [0x00000000e6480000,0x00000000e6480000,0x00000000e7580000)
  to   space 16896K, 0% used [0x00000000e9c80000,0x00000000e9c80000,0x00000000ead00000)
 ParOldGen       total 126464K, used 29138K [0x00000000a0000000, 0x00000000a7b80000, 0x00000000e0000000)
  object space 126464K, 23% used [0x00000000a0000000,0x00000000a1c74b08,0x00000000a7b80000)
 Metaspace       used 57350K, capacity 58970K, committed 59028K, reserved 1099776K
  class space    used 7773K, capacity 8168K, committed 8192K, reserved 1048576K
}
Event: 8179.632 GC heap before
{Heap before GC invocations=19 (full 3):
 PSYoungGen      total 120320K, used 102912K [0x00000000e0000000, 0x00000000ead00000, 0x0000000100000000)
  eden space 102912K, 100% used [0x00000000e0000000,0x00000000e6480000,0x00000000e6480000)
  from space 17408K, 0% used [0x00000000e6480000,0x00000000e6480000,0x00000000e7580000)
  to   space 16896K, 0% used [0x00000000e9c80000,0x00000000e9c80000,0x00000000ead00000)
 ParOldGen       total 126464K, used 29138K [0x00000000a0000000, 0x00000000a7b80000, 0x00000000e0000000)
  object space 126464K, 23% used [0x00000000a0000000,0x00000000a1c74b08,0x00000000a7b80000)
 Metaspace       used 61145K, capacity 62794K, committed 63064K, reserved 1103872K
  class space    used 8063K, capacity 8452K, committed 8576K, reserved 1048576K
Event: 8195.548 GC heap after
Heap after GC invocations=19 (full 3):
 PSYoungGen      total 143872K, used 4080K [0x00000000e0000000, 0x00000000ea480000, 0x0000000100000000)
  eden space 135680K, 0% used [0x00000000e0000000,0x00000000e0000000,0x00000000e8480000)
  from space 8192K, 49% used [0x00000000e9c80000,0x00000000ea07c0a0,0x00000000ea480000)
  to   space 16384K, 0% used [0x00000000e8480000,0x00000000e8480000,0x00000000e9480000)
 ParOldGen       total 126464K, used 29146K [0x00000000a0000000, 0x00000000a7b80000, 0x00000000e0000000)
  object space 126464K, 23% used [0x00000000a0000000,0x00000000a1c76b08,0x00000000a7b80000)
 Metaspace       used 61145K, capacity 62794K, committed 63064K, reserved 1103872K
  class space    used 8063K, capacity 8452K, committed 8576K, reserved 1048576K
}

